<?xml version="1.0" encoding="UTF-8"?>
<!-- Generated by org.testng.reporters.JUnitXMLReporter -->
<testsuite ignored="0" hostname="SANTHOSH" failures="0" tests="2" name="Test" time="0.447" errors="0" timestamp="2024-02-09T12:00:34 IST">
  <testcase classname="com.Kareclouds.TestPages.BaseTest" name="@BeforeMethod launchApplication" time="0.38">
    <failure type="java.io.FileNotFoundException" message="E:\Eclipse_workspace\Kareclouds\src\main\java\com\Kareclouds\resources\config.properties (The system cannot find the path specified)">
      <![CDATA[java.io.FileNotFoundException: E:\Eclipse_workspace\Kareclouds\src\main\java\com\Kareclouds\resources\config.properties (The system cannot find the path specified)
at java.base/java.io.FileInputStream.open0(Native Method)
at java.base/java.io.FileInputStream.open(FileInputStream.java:216)
at java.base/java.io.FileInputStream.<init>(FileInputStream.java:157)
at java.base/java.io.FileInputStream.<init>(FileInputStream.java:111)
at com.Kareclouds.TestPages.BaseTest.driverInitilization(BaseTest.java:34)
at com.Kareclouds.TestPages.BaseTest.launchApplication(BaseTest.java:61)
at java.base/java.util.ArrayList.forEach(ArrayList.java:1511)
... Removed 31 stack frames]]>
    </failure>
  </testcase> <!-- @BeforeMethod launchApplication -->
  <testcase classname="com.Kareclouds.TestPages.BaseTest" name="@AfterMethod tearDown" time="0.0">
    <failure type="java.lang.NullPointerException" message="Cannot invoke &amp;quot;org.openqa.selenium.WebDriver.close()&amp;quot; because &amp;quot;this.driver&amp;quot; is null">
      <![CDATA[java.lang.NullPointerException: Cannot invoke "org.openqa.selenium.WebDriver.close()" because "this.driver" is null
at com.Kareclouds.TestPages.BaseTest.tearDown(BaseTest.java:71)
at java.base/java.util.ArrayList.forEach(ArrayList.java:1511)
... Removed 32 stack frames]]>
    </failure>
  </testcase> <!-- @AfterMethod tearDown -->
  <testcase classname="com.Kareclouds.TestPages.BaseTest" name="@BeforeMethod launchApplication" time="0.001">
    <failure type="java.io.FileNotFoundException" message="E:\Eclipse_workspace\Kareclouds\src\main\java\com\Kareclouds\resources\config.properties (The system cannot find the path specified)">
      <![CDATA[java.io.FileNotFoundException: E:\Eclipse_workspace\Kareclouds\src\main\java\com\Kareclouds\resources\config.properties (The system cannot find the path specified)
at java.base/java.io.FileInputStream.open0(Native Method)
at java.base/java.io.FileInputStream.open(FileInputStream.java:216)
at java.base/java.io.FileInputStream.<init>(FileInputStream.java:157)
at java.base/java.io.FileInputStream.<init>(FileInputStream.java:111)
at com.Kareclouds.TestPages.BaseTest.driverInitilization(BaseTest.java:34)
at com.Kareclouds.TestPages.BaseTest.launchApplication(BaseTest.java:61)
at java.base/java.util.ArrayList.forEach(ArrayList.java:1511)
... Removed 31 stack frames]]>
    </failure>
  </testcase> <!-- @BeforeMethod launchApplication -->
  <testcase classname="com.Kareclouds.TestPages.BaseTest" name="@AfterMethod tearDown" time="0.001">
    <failure type="java.lang.NullPointerException" message="Cannot invoke &amp;quot;org.openqa.selenium.WebDriver.close()&amp;quot; because &amp;quot;this.driver&amp;quot; is null">
      <![CDATA[java.lang.NullPointerException: Cannot invoke "org.openqa.selenium.WebDriver.close()" because "this.driver" is null
at com.Kareclouds.TestPages.BaseTest.tearDown(BaseTest.java:71)
at java.base/java.util.ArrayList.forEach(ArrayList.java:1511)
... Removed 32 stack frames]]>
    </failure>
  </testcase> <!-- @AfterMethod tearDown -->
  <testcase classname="com.Kareclouds.TestPages.SourcesTest" name="VerifyComplainTypeSearchFun" time="0.0">
    <skipped/>
  </testcase> <!-- VerifyComplainTypeSearchFun -->
  <testcase classname="com.Kareclouds.TestPages.SourcesTest" name="VerifyaddSourcesForm" time="0.0">
    <skipped/>
  </testcase> <!-- VerifyaddSourcesForm -->
</testsuite> <!-- Test -->
